<?xml version="1.0" encoding="UTF-8"?>
<!-- Generated by org.testng.reporters.JUnitReportReporter -->
<testsuite hostname="LAPTOP-SUSV1NPI" failures="0" tests="7" name="DEMO_001" time="160.212" errors="0" timestamp="2024-10-09T23:34:19 IST" skipped="0">
  <testcase classname="DEMO_001" name="setUp" time="16.278"/>
  <testcase classname="DEMO_001" name="login" time="16.646"/>
  <testcase classname="DEMO_001" name="logsuccess" time="5.316"/>
  <testcase classname="DEMO_001" name="book_ticket" time="34.101"/>
  <testcase classname="DEMO_001" name="search" time="0.154"/>
  <testcase classname="DEMO_001" name="train_selection" time="37.597"/>
  <testcase classname="DEMO_001" name="passangerDetails" time="50.120"/>
</testsuite> <!-- DEMO_001 -->
